<?xml version="1.0" encoding="UTF-8"?>
<testsuite xmlns:xsi="http://www.w3.org/2001/XMLSchema-instance" xsi:noNamespaceSchemaLocation="https://maven.apache.org/surefire/maven-surefire-plugin/xsd/surefire-test-report-3.0.xsd" version="3.0" name="com.senac.grupo6.cadastro.CadastroApplicationTests" time="4.248" tests="1" errors="0" skipped="0" failures="0">
  <properties>
[...]
</properties>
  <testcase name="contextLoads" classname="com.senac.grupo6.cadastro.CadastroApplicationTests" time="0.471">
    <system-out><![CDATA[21:22:44.291 [main] INFO org.springframework.test.context.support.AnnotationConfigContextLoaderUtils -- Could not detect default configuration classes for test class [com.senac.grupo6.cadastro.CadastroApplicationTests]: CadastroApplicationTests does not declare any static, non-private, non-final, nested classes annotated with @Configuration.
21:22:44.364 [main] INFO org.springframework.boot.test.context.SpringBootTestContextBootstrapper -- Found @SpringBootConfiguration com.senac.grupo6.cadastro.CadastroApplication for test class com.senac.grupo6.cadastro.CadastroApplicationTests

  .   ____          _            __ _ _
 /\\ / ___'_ __ _ _(_)_ __  __ _ \ \ \ \
( ( )\___ | '_ | '_| | '_ \/ _` | \ \ \ \
 \\/  ___)| |_)| | | | | || (_| |  ) ) ) )
  '  |____| .__|_| |_|_| |_\__, | / / / /
 =========|_|==============|___/=/_/_/_/

 :: Spring Boot ::                (v3.3.4)

2024-11-07T21:22:44.653-03:00  INFO 9764 --- [cadastro] [           main] c.s.g.cadastro.CadastroApplicationTests  : Starting CadastroApplicationTests using Java 17.0.4.1 with PID 9764 (started by 36129382024.2N in C:\Users\36129382024.2n\Documents\workspace-spring-tool-suite-4-4.16.0.RELEASE\cadastro)
2024-11-07T21:22:44.654-03:00  INFO 9764 --- [cadastro] [           main] c.s.g.cadastro.CadastroApplicationTests  : No active profile set, falling back to 1 default profile: "default"
2024-11-07T21:22:45.270-03:00  INFO 9764 --- [cadastro] [           main] .s.d.r.c.RepositoryConfigurationDelegate : Bootstrapping Spring Data JPA repositories in DEFAULT mode.
2024-11-07T21:22:45.311-03:00  INFO 9764 --- [cadastro] [           main] .s.d.r.c.RepositoryConfigurationDelegate : Finished Spring Data repository scanning in 34 ms. Found 1 JPA repository interface.
2024-11-07T21:22:45.723-03:00  INFO 9764 --- [cadastro] [           main] o.hibernate.jpa.internal.util.LogHelper  : HHH000204: Processing PersistenceUnitInfo [name: default]
2024-11-07T21:22:45.771-03:00  INFO 9764 --- [cadastro] [           main] org.hibernate.Version                    : HHH000412: Hibernate ORM core version 6.5.3.Final
2024-11-07T21:22:45.803-03:00  INFO 9764 --- [cadastro] [           main] o.h.c.internal.RegionFactoryInitiator    : HHH000026: Second-level cache disabled
2024-11-07T21:22:46.145-03:00  INFO 9764 --- [cadastro] [           main] o.s.o.j.p.SpringPersistenceUnitInfo      : No LoadTimeWeaver setup: ignoring JPA class transformer
2024-11-07T21:22:46.176-03:00  INFO 9764 --- [cadastro] [           main] com.zaxxer.hikari.HikariDataSource       : HikariPool-1 - Starting...
2024-11-07T21:22:46.353-03:00  INFO 9764 --- [cadastro] [           main] com.zaxxer.hikari.pool.HikariPool        : HikariPool-1 - Added connection com.mysql.cj.jdbc.ConnectionImpl@2dbf2da
2024-11-07T21:22:46.355-03:00  INFO 9764 --- [cadastro] [           main] com.zaxxer.hikari.HikariDataSource       : HikariPool-1 - Start completed.
2024-11-07T21:22:46.390-03:00  WARN 9764 --- [cadastro] [           main] org.hibernate.dialect.Dialect            : HHH000511: The 5.5.5 version for [org.hibernate.dialect.MySQLDialect] is no longer supported, hence certain features may not work properly. The minimum supported version is 8.0.0. Check the community dialects project for available legacy versions.
2024-11-07T21:22:46.876-03:00  INFO 9764 --- [cadastro] [           main] o.h.e.t.j.p.i.JtaPlatformInitiator       : HHH000489: No JTA platform available (set 'hibernate.transaction.jta.platform' to enable JTA platform integration)
2024-11-07T21:22:46.908-03:00  INFO 9764 --- [cadastro] [           main] j.LocalContainerEntityManagerFactoryBean : Initialized JPA EntityManagerFactory for persistence unit 'default'
2024-11-07T21:22:47.417-03:00  WARN 9764 --- [cadastro] [           main] JpaBaseConfiguration$JpaWebConfiguration : spring.jpa.open-in-view is enabled by default. Therefore, database queries may be performed during view rendering. Explicitly configure spring.jpa.open-in-view to disable this warning
2024-11-07T21:22:47.938-03:00  INFO 9764 --- [cadastro] [           main] c.s.g.cadastro.CadastroApplicationTests  : Started CadastroApplicationTests in 3.467 seconds (process running for 4.182)
]]></system-out>
  </testcase>
</testsuite>